<?xml version="1.0" encoding="UTF-8"?>
<testsuite errors="0" failures="0" name="io.cucumber.core.plugin.JUnitFormatter" skipped="0" tests="1" time="15.761">
<testcase classname="Software Test Academy functionalities" name="Verify that user is able to navigate to contacts page" time="15.137">
<system-out><![CDATA[Given User is on Software Test Academy site Home Page.......................passed
When he clicks on contacts link.............................................passed
Then contacts page is displayed.............................................passed
Then User closes the browser................................................passed
]]></system-out>
</testcase>
</testsuite>
